<?xml version="1.0" encoding="UTF-8"?>
<testsuite xmlns:xsi="http://www.w3.org/2001/XMLSchema-instance" xsi:noNamespaceSchemaLocation="https://maven.apache.org/surefire/maven-surefire-plugin/xsd/surefire-test-report.xsd" version="3.0.2" name="com.tiendasara.TiendaSara.TiendaSaraApplicationTests" time="0.587" tests="1" errors="1" skipped="0" failures="0" flakes="0">
  <properties>
[...]
</properties>
  <testcase name="contextLoads" classname="com.tiendasara.TiendaSara.TiendaSaraApplicationTests" time="0.011">
    <error message="Unresolved compilation problem: &#10;	The declared package &quot;com.tiendasara&quot; does not match the expected package &quot;com.tiendasara.TiendaSara&quot;&#10;" type="java.lang.Error"><![CDATA[java.lang.Error: 
Unresolved compilation problem: 
	The declared package "com.tiendasara" does not match the expected package "com.tiendasara.TiendaSara"

	at com.tiendasara.TiendaSara.TiendaSaraApplicationTests.<init>(TiendaSaraApplicationTests.java:1)
]]></error>
    <system-out><![CDATA[21:56:09.636 [main] INFO org.springframework.test.context.support.AnnotationConfigContextLoaderUtils -- Could not detect default configuration classes for test class [com.tiendasara.TiendaSara.TiendaSaraApplicationTests]: TiendaSaraApplicationTests does not declare any static, non-private, non-final, nested classes annotated with @Configuration.
21:56:09.777 [main] INFO org.springframework.boot.test.context.SpringBootTestContextBootstrapper -- Found @SpringBootConfiguration com.tiendasara.TiendaSaraApplication for test class com.tiendasara.TiendaSara.TiendaSaraApplicationTests
21:56:09.879 [main] INFO org.springframework.test.context.support.AnnotationConfigContextLoaderUtils -- Could not detect default configuration classes for test class [com.tiendasara.TiendaSara.TiendaSaraApplicationTests]: TiendaSaraApplicationTests does not declare any static, non-private, non-final, nested classes annotated with @Configuration.
21:56:09.881 [main] INFO org.springframework.boot.test.context.SpringBootTestContextBootstrapper -- Found @SpringBootConfiguration com.tiendasara.TiendaSaraApplication for test class com.tiendasara.TiendaSara.TiendaSaraApplicationTests
]]></system-out>
  </testcase>
</testsuite>